2025-04-15 10:52:53,422 - INFO - Successfully scraped job: Security Guard Patrol Officer
2025-04-15 10:52:53,426 - INFO - Successfully scraped job: Research Assistant x1, Harare/Mt Darwin
2025-04-15 10:52:53,428 - INFO - Successfully scraped job: Projects Sales Manager
2025-04-15 10:52:53,431 - INFO - Successfully scraped job: CASH TRANSFER SERVICES
2025-04-15 10:52:53,433 - INFO - Successfully scraped job: PROJECT ADMINISTRATION ASSISTANT
2025-04-15 10:52:53,438 - INFO - Successfully scraped job: REGISTERED GENERAL NURSE: AIDS HEALTHCARE FOUNDATION    (BEITBRIDGE)
2025-04-15 10:52:53,441 - INFO - Successfully scraped job: Attachee Digital Marketing
2025-04-15 10:52:53,448 - INFO - Successfully scraped job: Principal Officer: Catering Industry Pension Fund (CIPF)
2025-04-15 10:52:53,477 - INFO - Successfully scraped job: Chief Risk Analyst - Quantitative Risk and Data Analytics
2025-04-15 10:52:53,479 - INFO - Successfully scraped job: MEDICAL OFFICERS: AIDS HEALTHCARE FOUNDATION  (CHITUNGWIZA; BEITBRIDGE; TSHOLOTSHO)
2025-04-15 10:52:53,493 - INFO - \u2705 scraped_jobs.csv has been created!
2025-04-17 09:28:31,498 - INFO - Successfully scraped job: Accountant
2025-04-17 09:28:31,505 - INFO - Successfully scraped job: Credit Control Manager (Harare)
2025-04-17 09:28:31,507 - INFO - Successfully scraped job: Service Advisor (Harare)
2025-04-17 09:28:31,509 - INFO - Successfully scraped job: INVITATION FOR REGISTRATION OF SUPPLIERS 2025- 2026 : SCORE AGAINST POVERTY
2025-04-17 09:28:31,511 - INFO - Successfully scraped job: Property Consultants
2025-04-17 09:28:31,514 - INFO - Successfully scraped job: Procurement Officer
2025-04-17 09:28:31,515 - INFO - Successfully scraped job: Cashier
2025-04-17 09:28:31,520 - INFO - Successfully scraped job: Swimming Coach
2025-04-17 09:28:31,523 - INFO - Successfully scraped job: Electrical Design Engineer
2025-04-17 09:28:31,527 - INFO - Successfully scraped job: SALES REPS
2025-04-17 09:28:31,567 - INFO - \u2705 scraped_jobs.csv has been created!
2025-04-17 10:25:22,241 - INFO - Successfully scraped job: Fraud Risk & Forensic Audit Consultant
2025-04-17 10:25:22,260 - INFO - Successfully scraped job: Tax Consultant – Transfer Pricing and Income tax
2025-04-17 10:25:22,265 - INFO - Successfully scraped job: Commission-Based Direct Sales Agents
2025-04-17 10:25:22,274 - INFO - Successfully scraped job: Accountant
2025-04-17 10:25:22,287 - INFO - Successfully scraped job: Credit Control Manager (Harare)
2025-04-17 10:25:22,296 - INFO - Successfully scraped job: Service Advisor (Harare)
2025-04-17 10:25:22,301 - INFO - Successfully scraped job: INVITATION FOR REGISTRATION OF SUPPLIERS 2025- 2026 : SCORE AGAINST POVERTY
2025-04-17 10:25:22,304 - INFO - Successfully scraped job: Property Consultants
2025-04-17 10:25:22,307 - INFO - Successfully scraped job: Procurement Officer
2025-04-17 10:25:22,317 - INFO - Successfully scraped job: Cashier
2025-04-17 10:25:22,750 - INFO - \u2705 scraped_jobs.csv has been created!
2025-04-17 11:05:41,359 - INFO - Successfully scraped job: Senior Internal Auditor
2025-04-17 11:05:41,361 - INFO - Successfully scraped job: Fraud Risk & Forensic Audit Consultant
2025-04-17 11:05:41,362 - INFO - Successfully scraped job: Tax Consultant – Transfer Pricing and Income tax
2025-04-17 11:05:41,367 - INFO - Successfully scraped job: Commission-Based Direct Sales Agents
2025-04-17 11:05:41,370 - INFO - Successfully scraped job: Accountant
2025-04-17 11:05:41,372 - INFO - Successfully scraped job: Credit Control Manager (Harare)
2025-04-17 11:05:41,377 - INFO - Successfully scraped job: Service Advisor (Harare)
2025-04-17 11:05:41,379 - INFO - Successfully scraped job: INVITATION FOR REGISTRATION OF SUPPLIERS 2025- 2026 : SCORE AGAINST POVERTY
2025-04-17 11:05:41,384 - INFO - Successfully scraped job: Property Consultants
2025-04-17 11:05:41,389 - INFO - Successfully scraped job: Procurement Officer
2025-04-17 11:05:41,411 - INFO - \u2705 scraped_jobs.csv has been created!
